[ BUF tiene tamaño de: 6 + 25 = 31 B. ]
[ '\0' ubicado en índice: 30 ]

30 -- Lorem ipsum dolor sit amet, co
30 -- et, cosectetur adipiscing elit
30 -- g elit. Nunc lacinia nec neque
30 --  neque sed commodo. Morbi auct
30 -- i auctor odio est. Fusce ac mo
30 --  ac molestie velit, quis place
30 --  placerat ante. Integer vestib
30 -- vestibulum diam massa, id grav
30 -- d gravida velit tincidunt a. M
30 -- t a. Mauris rutrum nisl risus,
30 -- risus, a congue sem facilisis 
30 -- lisis ut. Integer placerat nec
30 -- at nec nunc at tincidunt. Sed 
30 -- . Sed cursus molestie suscipit
30 -- scipit. Suspendisse sit amet m
30 -- amet molestie ante. Vestibulum
30 -- ibulum et commodo leo, a fring
30 --  fringilla elit. Integer dolor
30 --  dolor odio, pharetra ac neque
30 --  neque sit amet, ornare lacini
30 -- lacinia nisl. Nam rhoncus vest
30 -- s vestibulum hendrerit. Proin 
30 -- Proin sagittis efficitur risus
30 --  risus, a porta mi consectetur
30 -- ctetur non. Proin in neque a o
30 -- ue a orci pharetra molestie. Q
30 -- tie. Quisque quis ex pharetra 
30 -- retra velit interdum suscipit 
30 -- cipit in eget augue. Nunc quis
30 -- c quis ante sem.

Donec aliq
30 -- c aliquet laoreet ultricies. N
30 -- ies. Nunc id libero sodales, f
30 -- les, faucibus justo sit amet, 
30 -- amet, dignissim nisl. Etiam vi
30 -- iam vitae volutpat ante. Donec
30 --  Donec et metus vitae leo grav
30 -- o gravida dictum. Integer sagi
30 -- r sagittis massa sed iaculis p
30 -- ulis pellentesque. Etiam quis 
30 --  quis vestibulum justo. Proin 
30 -- Proin bibendum, magna non euis
30 -- n euismod condimentum, ipsum n
30 -- psum neque accumsan metus, ut 
30 -- s, ut rhoncus ante tortor at l
30 -- r at leo. Cras aliquet magna a
30 -- agna at lectus vestibulum, vel
30 -- m, vel bibendum velit maximus.
30 -- ximus. Nunc a nisi sed erat da
30 -- rat dapibus malesuada. Morbi d
30 -- orbi dignissim aliquet nulla, 
30 -- ulla, vel ornare nisi pellente
30 -- llentesque in. Praesent eget v
30 -- eget velit ex.

Nullam vel n
30 --  vel nulla elit. Integer sempe
30 --  semper nulla at ultricies auc
30 -- es auctor. Praesent a elit vol
30 -- it volutpat, accumsan nisl sit
30 -- sl sit amet, ullamcorper sem. 
30 --  sem. Vivamus sodales mi vel p
30 --  vel pretium lacinia. Etiam ne
30 -- iam nec tristique eros. Sed di
30 -- Sed dignissim, mauris varius p
30 -- rius porta bibendum, sem risus
30 --  risus cursus quam, eu euismod
30 -- uismod diam tellus nec arcu. F
30 -- rcu. Fusce ac lorem sed ex ves
30 -- ex vestibulum pretium. Quisque
30 -- uisque laoreet, justo ut ferme
30 --  fermentum pretium, nulla tort
30 -- a tortor ullamcorper ipsum, ne
30 -- um, nec ullamcorper mauris tur
30 -- is turpis aliquet ex. Curabitu
30 -- rabitur luctus, libero at bibe
30 -- t bibendum placerat, orci tell
30 -- i tellus euismod felis, in por
30 -- in porttitor odio erat at quam
30 -- t quam. Curabitur tellus nisi,
30 --  nisi, mollis nec volutpat sed
30 -- at sed, tempus non nunc. Integ
30 --  Integer sodales tincidunt com
30 -- nt commodo.

Vivamus bibendu
30 -- ibendum neque in nunc ornare c
30 -- nare convallis. Curabitur pulv
30 -- r pulvinar sollicitudin lacini
30 -- lacinia. Proin mattis posuere 
30 -- suere erat vel maximus. Sed ma
30 -- Sed maximus id est a cursus. D
30 -- sus. Donec aliquet quam nisl, 
30 -- nisl, quis pellentesque justo 
30 -- justo vestibulum ut. Donec ele
30 -- ec eleifend nulla id nibh soda
30 -- h sodales, id ultricies ante p
30 -- ante posuere. Praesent element
30 -- lementum iaculis sem ut interd
30 -- interdum. Nulla condimentum ur
30 -- tum urna at dapibus semper. Se
30 -- er. Sed pharetra eget nisi qui
30 -- si quis porttitor. Suspendisse
30 -- ndisse blandit ut libero at rh
30 --  at rhoncus. Morbi eleifend au
30 -- end auctor facilisis. Etiam et
30 -- iam et nulla ullamcorper, impe
30 -- , imperdiet dolor sed, fringil
30 -- ringilla sem.

Donec non ris
30 -- on risus purus. Duis porta qui
30 -- ta quis dui sed venenatis. Pha
30 -- s. Phasellus vestibulum urna v
30 -- urna vitae gravida venenatis. 
30 -- atis. Integer varius nunc orna
30 -- c ornare tempor mollis. Quisqu
30 -- Quisque rutrum magna sit amet 
30 --  amet lacus porta aliquam. Nun
30 -- m. Nunc mattis lacinia velit a
30 -- elit at consectetur. Aliquam e
30 -- quam erat volutpat. Nam lobort
30 -- lobortis, sapien et lacinia ve
30 -- nia vehicula, metus risus comm
30 -- s commodo quam, sit amet biben
30 --  bibendum ex massa vel eros. Q
30 -- ros. Quisque iaculis non sapie
30 --  sapien a fringilla. Donec tri
30 -- ec tristique laoreet tincidunt
30 -- cidunt. In elementum metus eu 
30 -- us eu nibh porta, in auctor to
30 -- tor tortor aliquet. Donec nec 
30 -- c nec consequat augue. Vestibu
30 -- estibulum sollicitudin ultrici
30 -- ltricies ex, in interdum lorem
30 --  lorem semper viverra. Morbi a
30 -- orbi ac molestie turpis. Cras 
30 --  Cras eu ex nec tellus pharetr
30 -- haretra dictum.

Morbi a mol
30 --  a mollis nibh. Vestibulum feu
30 -- um feugiat tristique pellentes
30 -- lentesque. Ut sit amet tortor 
30 -- ortor libero. Donec dignissim 
30 -- issim venenatis leo a ullamcor
30 -- lamcorper. Phasellus ut blandi
30 -- blandit sem. In posuere neque 
30 -- neque in justo pulvinar maximu
30 -- maximus. Nam eu enim sit amet 
30 --  amet turpis egestas euismod. 
30 -- smod. Sed diam dui, ultricies 
30 -- icies et mauris vitae, vulputa
30 -- ulputate ultrices sapien. Cras
30 -- . Cras imperdiet, ipsum a scel
30 -- a scelerisque hendrerit, massa
30 --  massa nulla facilisis tellus,
30 -- ellus, quis sollicitudin orci 
30 --  orci lectus vel justo. Proin 
30 -- Proin dapibus ex orci. Sed ege
30 -- ed eget laoreet dolor. Ut elei
30 -- t eleifend magna est, id molli
30 --  mollis eros sodales eu. Donec
30 --  Donec sed malesuada velit. In
30 -- it. In eu ultrices est. Fusce 
30 -- Fusce placerat non nisl in imp
30 -- in imperdiet.

Nullam ipsum 
30 -- ipsum metus, auctor in ante et
30 -- nte et, lobortis finibus metus
30 --  metus. Suspendisse sem velit,
30 -- velit, malesuada vel turpis ne
30 -- pis nec, iaculis finibus est. 
30 --  est. Vivamus purus lorem, vol
30 -- m, volutpat eget dolor at, eui
30 -- t, euismod bibendum magna. Int
30 -- a. Interdum et malesuada fames
30 --  fames ac ante ipsum primis in
30 -- mis in faucibus. Integer ac ul
30 --  ac ullamcorper sem. Fusce ves
30 -- ce vestibulum justo eu mi vulp
30 -- i vulputate, ac efficitur augu
30 -- r augue interdum. Suspendisse 
30 -- disse dapibus elit nec ligula 
30 -- igula condimentum iaculis. Lor
30 -- s. Lorem ipsum dolor sit amet,
30 --  amet, consectetur adipiscing 
30 -- scing elit. Nullam at magna et
30 -- gna et est placerat porta. Pel
30 -- a. Pellentesque luctus mi sed 
30 -- i sed efficitur porttitor. Pra
30 -- r. Praesent sit amet vehicula 
30 -- icula nulla. Nunc interdum nun
30 -- um nunc quis eros mollis males
30 --  malesuada.

Aliquam sollici
30 -- ollicitudin consectetur sapien
30 -- sapien sed iaculis. Aenean et 
30 -- an et orci sed purus lacinia a
30 -- inia aliquam. Suspendisse at t
30 -- e at tellus aliquet, pharetra 
30 -- retra ipsum ac, pulvinar eros.
30 --  eros. Aliquam aliquam venenat
30 -- enenatis turpis sit amet feugi
30 --  feugiat. Fusce vel augue et e
30 -- e et eros ultricies fringilla.
30 -- gilla. Lorem ipsum dolor sit a
30 --  sit amet, consectetur adipisc
30 -- dipiscing elit. Ut pretium tem
30 -- um tempor justo, at dignissim 
30 -- issim tortor tincidunt eget. P
30 -- get. Phasellus non porttitor l
30 -- itor libero, vitae laoreet arc
30 -- et arcu.

Vivamus scelerisqu
30 -- erisque consequat justo, eu ph
30 --  eu pharetra eros dictum eu. N
30 --  eu. Nullam porta, odio a auct
30 -- a auctor vulputate, dui arcu c
30 -- arcu consectetur dolor, non lo
30 -- non lobortis nulla justo at se
30 --  at sem lectus.lla justo at se
